[04:09:16] [main/INFO] [GradleStart]: No arguments specified, assuming client.
[04:09:16] [main/INFO] [GradleStart]: Extra: []
[04:09:16] [main/INFO] [GradleStart]: Running with arguments: [--userProperties, {}, --assetsDir, C:/Users/FallenBytes/.gradle/caches/minecraft/assets, --assetIndex, 1.7.10, --accessToken, FML, --version, 1.7.10, --tweakClass, cpw.mods.fml.common.launcher.FMLTweaker, --username, ForgeDevName]
[04:09:16] [main/INFO] [LaunchWrapper]: Loading tweak class name cpw.mods.fml.common.launcher.FMLTweaker
[04:09:16] [main/INFO] [LaunchWrapper]: Using primary tweak class name cpw.mods.fml.common.launcher.FMLTweaker
[04:09:16] [main/INFO] [LaunchWrapper]: Calling tweak class cpw.mods.fml.common.launcher.FMLTweaker
[04:24:11] [main/INFO] [GradleStart]: No arguments specified, assuming client.
[04:24:11] [main/INFO] [GradleStart]: Extra: []
[04:24:11] [main/INFO] [GradleStart]: Running with arguments: [--userProperties, {}, --assetsDir, C:/Users/FallenBytes/.gradle/caches/minecraft/assets, --assetIndex, 1.7.10, --accessToken, FML, --version, 1.7.10, --tweakClass, cpw.mods.fml.common.launcher.FMLTweaker, --username, ForgeDevName]
[04:24:11] [main/INFO] [LaunchWrapper]: Loading tweak class name cpw.mods.fml.common.launcher.FMLTweaker
[04:24:11] [main/INFO] [LaunchWrapper]: Using primary tweak class name cpw.mods.fml.common.launcher.FMLTweaker
[04:24:11] [main/INFO] [LaunchWrapper]: Calling tweak class cpw.mods.fml.common.launcher.FMLTweaker
[04:25:41] [main/INFO] [GradleStart]: No arguments specified, assuming client.
[04:25:41] [main/INFO] [GradleStart]: Extra: []
[04:25:42] [main/INFO] [GradleStart]: Running with arguments: [--userProperties, {}, --assetsDir, C:/Users/FallenBytes/.gradle/caches/minecraft/assets, --assetIndex, 1.7.10, --accessToken, FML, --version, 1.7.10, --tweakClass, cpw.mods.fml.common.launcher.FMLTweaker, --username, ForgeDevName]
[04:25:42] [main/INFO] [LaunchWrapper]: Loading tweak class name cpw.mods.fml.common.launcher.FMLTweaker
[04:25:42] [main/INFO] [LaunchWrapper]: Using primary tweak class name cpw.mods.fml.common.launcher.FMLTweaker
[04:25:42] [main/INFO] [LaunchWrapper]: Calling tweak class cpw.mods.fml.common.launcher.FMLTweaker
[04:36:08] [main/INFO] [GradleStart]: No arguments specified, assuming client.
[04:36:08] [main/INFO] [GradleStart]: Extra: []
[04:36:08] [main/INFO] [GradleStart]: Running with arguments: [--userProperties, {}, --assetsDir, C:/Users/FallenBytes/.gradle/caches/minecraft/assets, --assetIndex, 1.7.10, --accessToken, FML, --version, 1.7.10, --tweakClass, cpw.mods.fml.common.launcher.FMLTweaker, --username, ForgeDevName]
[04:36:08] [main/INFO] [LaunchWrapper]: Loading tweak class name cpw.mods.fml.common.launcher.FMLTweaker
[04:36:08] [main/INFO] [LaunchWrapper]: Using primary tweak class name cpw.mods.fml.common.launcher.FMLTweaker
[04:36:08] [main/INFO] [LaunchWrapper]: Calling tweak class cpw.mods.fml.common.launcher.FMLTweaker
[04:38:35] [main/INFO] [GradleStart]: No arguments specified, assuming client.
[04:38:35] [main/INFO] [GradleStart]: Extra: []
[04:38:35] [main/INFO] [GradleStart]: Running with arguments: [--userProperties, {}, --assetsDir, C:/Users/FallenBytes/.gradle/caches/minecraft/assets, --assetIndex, 1.7.10, --accessToken, FML, --version, 1.7.10, --tweakClass, cpw.mods.fml.common.launcher.FMLTweaker, --username, ForgeDevName]
[04:38:35] [main/INFO] [LaunchWrapper]: Loading tweak class name cpw.mods.fml.common.launcher.FMLTweaker
[04:38:35] [main/INFO] [LaunchWrapper]: Using primary tweak class name cpw.mods.fml.common.launcher.FMLTweaker
[04:38:35] [main/INFO] [LaunchWrapper]: Calling tweak class cpw.mods.fml.common.launcher.FMLTweaker
[04:39:48] [main/INFO] [GradleStart]: No arguments specified, assuming client.
[04:39:48] [main/INFO] [GradleStart]: Extra: []
[04:39:48] [main/INFO] [GradleStart]: Running with arguments: [--userProperties, {}, --assetsDir, C:/Users/FallenBytes/.gradle/caches/minecraft/assets, --assetIndex, 1.7.10, --accessToken, FML, --version, 1.7.10, --tweakClass, cpw.mods.fml.common.launcher.FMLTweaker, --username, ForgeDevName]
[04:39:48] [main/INFO] [LaunchWrapper]: Loading tweak class name cpw.mods.fml.common.launcher.FMLTweaker
[04:39:48] [main/INFO] [LaunchWrapper]: Using primary tweak class name cpw.mods.fml.common.launcher.FMLTweaker
[04:39:48] [main/INFO] [LaunchWrapper]: Calling tweak class cpw.mods.fml.common.launcher.FMLTweaker
[04:44:33] [main/INFO] [GradleStart]: No arguments specified, assuming client.
[04:44:33] [main/INFO] [GradleStart]: Extra: []
[04:44:33] [main/INFO] [GradleStart]: Running with arguments: [--userProperties, {}, --username, ForgeDevName, --tweakClass, cpw.mods.fml.common.launcher.FMLTweaker, --accessToken, FML, --assetIndex, 1.7.10, --assetsDir, C:/Users/FallenBytes/.gradle/caches/minecraft/assets, --version, 1.7.10]
[04:44:33] [main/INFO] [LaunchWrapper]: Loading tweak class name cpw.mods.fml.common.launcher.FMLTweaker
[04:44:33] [main/INFO] [LaunchWrapper]: Using primary tweak class name cpw.mods.fml.common.launcher.FMLTweaker
[04:44:33] [main/INFO] [LaunchWrapper]: Calling tweak class cpw.mods.fml.common.launcher.FMLTweaker
[04:45:13] [main/INFO] [GradleStart]: No arguments specified, assuming client.
[04:45:13] [main/INFO] [GradleStart]: Extra: []
[04:45:13] [main/INFO] [GradleStart]: Running with arguments: [--userProperties, {}, --username, ForgeDevName, --tweakClass, cpw.mods.fml.common.launcher.FMLTweaker, --accessToken, FML, --assetIndex, 1.7.10, --assetsDir, C:/Users/FallenBytes/.gradle/caches/minecraft/assets, --version, 1.7.10]
[04:45:13] [main/INFO] [LaunchWrapper]: Loading tweak class name cpw.mods.fml.common.launcher.FMLTweaker
[04:45:13] [main/INFO] [LaunchWrapper]: Using primary tweak class name cpw.mods.fml.common.launcher.FMLTweaker
[04:45:13] [main/INFO] [LaunchWrapper]: Calling tweak class cpw.mods.fml.common.launcher.FMLTweaker
[04:56:15] [main/INFO] [GradleStart]: No arguments specified, assuming client.
[04:56:15] [main/INFO] [GradleStart]: Extra: []
[04:56:15] [main/INFO] [GradleStart]: Running with arguments: [--userProperties, {}, --username, ForgeDevName, --tweakClass, cpw.mods.fml.common.launcher.FMLTweaker, --accessToken, FML, --assetIndex, 1.7.10, --assetsDir, C:/Users/FallenBytes/.gradle/caches/minecraft/assets, --version, 1.7.10]
[04:56:15] [main/INFO] [LaunchWrapper]: Loading tweak class name cpw.mods.fml.common.launcher.FMLTweaker
[04:56:15] [main/INFO] [LaunchWrapper]: Using primary tweak class name cpw.mods.fml.common.launcher.FMLTweaker
[04:56:15] [main/INFO] [LaunchWrapper]: Calling tweak class cpw.mods.fml.common.launcher.FMLTweaker
[17:20:08] [main/INFO] [GradleStart]: No arguments specified, assuming client.
[17:20:08] [main/INFO] [GradleStart]: Extra: []
[17:20:08] [main/INFO] [GradleStart]: Running with arguments: [--userProperties, {}, --username, ForgeDevName, --tweakClass, cpw.mods.fml.common.launcher.FMLTweaker, --accessToken, FML, --assetIndex, 1.7.10, --assetsDir, C:/Users/FallenBytes/.gradle/caches/minecraft/assets, --version, 1.7.10]
[17:20:08] [main/INFO] [LaunchWrapper]: Loading tweak class name cpw.mods.fml.common.launcher.FMLTweaker
[17:20:08] [main/INFO] [LaunchWrapper]: Using primary tweak class name cpw.mods.fml.common.launcher.FMLTweaker
[17:20:08] [main/INFO] [LaunchWrapper]: Calling tweak class cpw.mods.fml.common.launcher.FMLTweaker
[17:32:49] [main/INFO] [GradleStart]: No arguments specified, assuming client.
[17:32:49] [main/INFO] [GradleStart]: Extra: []
[17:32:49] [main/INFO] [GradleStart]: Running with arguments: [--userProperties, {}, --username, ForgeDevName, --tweakClass, cpw.mods.fml.common.launcher.FMLTweaker, --accessToken, FML, --assetIndex, 1.7.10, --assetsDir, C:/Users/FallenBytes/.gradle/caches/minecraft/assets, --version, 1.7.10]
[17:32:49] [main/INFO] [LaunchWrapper]: Loading tweak class name cpw.mods.fml.common.launcher.FMLTweaker
[17:32:49] [main/INFO] [LaunchWrapper]: Using primary tweak class name cpw.mods.fml.common.launcher.FMLTweaker
[17:32:49] [main/INFO] [LaunchWrapper]: Calling tweak class cpw.mods.fml.common.launcher.FMLTweaker
[17:33:59] [main/INFO] [GradleStart]: No arguments specified, assuming client.
[17:33:59] [main/INFO] [GradleStart]: Extra: []
[17:33:59] [main/INFO] [GradleStart]: Running with arguments: [--userProperties, {}, --username, ForgeDevName, --tweakClass, cpw.mods.fml.common.launcher.FMLTweaker, --accessToken, FML, --assetIndex, 1.7.10, --assetsDir, C:/Users/FallenBytes/.gradle/caches/minecraft/assets, --version, 1.7.10]
[17:33:59] [main/INFO] [LaunchWrapper]: Loading tweak class name cpw.mods.fml.common.launcher.FMLTweaker
[17:33:59] [main/INFO] [LaunchWrapper]: Using primary tweak class name cpw.mods.fml.common.launcher.FMLTweaker
[17:33:59] [main/INFO] [LaunchWrapper]: Calling tweak class cpw.mods.fml.common.launcher.FMLTweaker
[19:23:05] [main/INFO] [GradleStart]: No arguments specified, assuming client.
[19:23:05] [main/INFO] [GradleStart]: Extra: []
[19:23:05] [main/INFO] [GradleStart]: Running with arguments: [--userProperties, {}, --username, ForgeDevName, --tweakClass, cpw.mods.fml.common.launcher.FMLTweaker, --accessToken, FML, --assetIndex, 1.7.10, --assetsDir, C:/Users/FallenBytes/.gradle/caches/minecraft/assets, --version, 1.7.10]
[19:23:06] [main/INFO] [LaunchWrapper]: Loading tweak class name cpw.mods.fml.common.launcher.FMLTweaker
[19:23:06] [main/INFO] [LaunchWrapper]: Using primary tweak class name cpw.mods.fml.common.launcher.FMLTweaker
[19:23:06] [main/INFO] [LaunchWrapper]: Calling tweak class cpw.mods.fml.common.launcher.FMLTweaker
[16:31:07] [main/INFO] [GradleStart]: No arguments specified, assuming client.
[16:31:07] [main/INFO] [GradleStart]: Extra: []
[16:31:07] [main/INFO] [GradleStart]: Running with arguments: [--userProperties, {}, --username, ForgeDevName, --tweakClass, cpw.mods.fml.common.launcher.FMLTweaker, --accessToken, FML, --assetIndex, 1.7.10, --assetsDir, C:/Users/FallenBytes/.gradle/caches/minecraft/assets, --version, 1.7.10]
[16:31:07] [main/INFO] [LaunchWrapper]: Loading tweak class name cpw.mods.fml.common.launcher.FMLTweaker
[16:31:07] [main/INFO] [LaunchWrapper]: Using primary tweak class name cpw.mods.fml.common.launcher.FMLTweaker
[16:31:07] [main/INFO] [LaunchWrapper]: Calling tweak class cpw.mods.fml.common.launcher.FMLTweaker
[12:42:58] [main/INFO] [GradleStart]: No arguments specified, assuming client.
[12:42:58] [main/INFO] [GradleStart]: Extra: []
[12:42:58] [main/INFO] [GradleStart]: Running with arguments: [--userProperties, {}, --username, ForgeDevName, --tweakClass, cpw.mods.fml.common.launcher.FMLTweaker, --accessToken, FML, --assetIndex, 1.7.10, --assetsDir, C:/Users/FallenBytes/.gradle/caches/minecraft/assets, --version, 1.7.10]
[12:42:58] [main/INFO] [LaunchWrapper]: Loading tweak class name cpw.mods.fml.common.launcher.FMLTweaker
[12:42:58] [main/INFO] [LaunchWrapper]: Using primary tweak class name cpw.mods.fml.common.launcher.FMLTweaker
[12:42:58] [main/INFO] [LaunchWrapper]: Calling tweak class cpw.mods.fml.common.launcher.FMLTweaker
[12:43:25] [main/INFO] [GradleStart]: No arguments specified, assuming client.
[12:43:25] [main/INFO] [GradleStart]: Extra: []
[12:43:25] [main/INFO] [GradleStart]: Running with arguments: [--userProperties, {}, --username, ForgeDevName, --tweakClass, cpw.mods.fml.common.launcher.FMLTweaker, --accessToken, FML, --assetIndex, 1.7.10, --assetsDir, C:/Users/FallenBytes/.gradle/caches/minecraft/assets, --version, 1.7.10]
[12:43:25] [main/INFO] [LaunchWrapper]: Loading tweak class name cpw.mods.fml.common.launcher.FMLTweaker
[12:43:25] [main/INFO] [LaunchWrapper]: Using primary tweak class name cpw.mods.fml.common.launcher.FMLTweaker
[12:43:25] [main/INFO] [LaunchWrapper]: Calling tweak class cpw.mods.fml.common.launcher.FMLTweaker
[12:43:43] [main/INFO] [GradleStart]: No arguments specified, assuming client.
[12:43:43] [main/INFO] [GradleStart]: Extra: []
[12:43:43] [main/INFO] [GradleStart]: Running with arguments: [--userProperties, {}, --username, ForgeDevName, --tweakClass, cpw.mods.fml.common.launcher.FMLTweaker, --accessToken, FML, --assetIndex, 1.7.10, --assetsDir, C:/Users/FallenBytes/.gradle/caches/minecraft/assets, --version, 1.7.10]
[12:43:43] [main/INFO] [LaunchWrapper]: Loading tweak class name cpw.mods.fml.common.launcher.FMLTweaker
[12:43:43] [main/INFO] [LaunchWrapper]: Using primary tweak class name cpw.mods.fml.common.launcher.FMLTweaker
[12:43:43] [main/INFO] [LaunchWrapper]: Calling tweak class cpw.mods.fml.common.launcher.FMLTweaker
[12:44:33] [main/INFO] [GradleStart]: No arguments specified, assuming client.
[12:44:33] [main/INFO] [GradleStart]: Extra: []
[12:44:33] [main/INFO] [GradleStart]: Running with arguments: [--userProperties, {}, --username, ForgeDevName, --tweakClass, cpw.mods.fml.common.launcher.FMLTweaker, --accessToken, FML, --assetIndex, 1.7.10, --assetsDir, C:/Users/FallenBytes/.gradle/caches/minecraft/assets, --version, 1.7.10]
[12:44:33] [main/INFO] [LaunchWrapper]: Loading tweak class name cpw.mods.fml.common.launcher.FMLTweaker
[12:44:33] [main/INFO] [LaunchWrapper]: Using primary tweak class name cpw.mods.fml.common.launcher.FMLTweaker
[12:44:33] [main/INFO] [LaunchWrapper]: Calling tweak class cpw.mods.fml.common.launcher.FMLTweaker
